<?xml version="1.0" encoding="UTF-8"?>
<!-- Generated by org.testng.reporters.JUnitReportReporter -->
<testsuite hostname="DESKTOP-NEJ7KBR" failures="0" tests="1" name="runner.TestRunner" time="9.459" errors="0" timestamp="2021-12-23T21:58:34 IST" skipped="0">
  <testcase classname="runner.TestRunner" name="runScenario" time="9.459"/>
  <system-out/>
</testsuite> <!-- runner.TestRunner -->
